<?xml version="1.0" encoding="UTF-8"?>
<!-- Generated by org.testng.reporters.JUnitXMLReporter -->
<testsuite ignored="0" hostname="MacBookPro" failures="0" tests="2" name="safariTest" time="0.361" errors="0" timestamp="2026-01-05T16:29:23 EST">
  <testcase classname="testCases.TC01_LaunchApplication" name="testLaunchApplication" time="0.019">
    <skipped/>
  </testcase> <!-- testLaunchApplication -->
  <testcase classname="testCases.TC01_LaunchApplication" name="testLaunchApplication" time="0.004">
    <skipped/>
  </testcase> <!-- testLaunchApplication -->
</testsuite> <!-- safariTest -->
