<?xml version="1.0" encoding="UTF-8"?>
<!-- Generated by org.testng.reporters.JUnitXMLReporter -->
<testsuite ignored="0" hostname="MacBookPro" failures="0" tests="11" name="Test" time="111.395" errors="0" timestamp="2025-12-30T14:18:12 EST">
  <testcase classname="testCases.TC01_LaunchApplication" name="testLaunchApplication" time="0.084"/>
  <testcase classname="testCases.TC02_Login" name="testLogin" time="5.765"/>
  <testcase classname="testCases.TC02_Login" name="testLogin" time="1.934"/>
  <testcase classname="testCases.TC02_Login" name="testLogin" time="1.065"/>
  <testcase classname="testCases.TC02_Login" name="testLogin" time="1.027"/>
  <testcase classname="testCases.TC02_Login" name="testLogin" time="1.113"/>
  <testcase classname="testCases.TC02_Login" name="testLogin" time="1.01"/>
  <testcase classname="testCases.TC03_AddToCart" name="testAddToCart" time="8.457"/>
  <testcase classname="testCases.TC04_CompletePurchase" name="testCompletePurchase" time="15.82"/>
  <testcase classname="testCases.TC05_AddToWishList" name="testAddToWishList" time="9.95"/>
  <testcase classname="testCases.TC06_AddAffiliate" name="testAddAffiliate" time="9.109"/>
</testsuite> <!-- Test -->
