<?xml version="1.0" encoding="UTF-8"?>
<!-- Generated by org.testng.reporters.JUnitXMLReporter -->
<testsuite ignored="0" hostname="MacBookPro" failures="0" tests="11" name="chromeTest" time="39.49" errors="0" timestamp="2026-01-07T11:20:33 EST">
  <testcase classname="testCases.TC01_LaunchApplication" name="testLaunchApplication" time="0.007"/>
  <testcase classname="testCases.TC02_Login" name="testLogin" time="1.055"/>
  <testcase classname="testCases.TC02_Login" name="testLogin" time="1.152"/>
  <testcase classname="testCases.TC02_Login" name="testLogin" time="1.208"/>
  <testcase classname="testCases.TC02_Login" name="testLogin" time="0.852"/>
  <testcase classname="testCases.TC02_Login" name="testLogin" time="0.875"/>
  <testcase classname="testCases.TC02_Login" name="testLogin" time="0.914"/>
  <testcase classname="testCases.TC03_AddToCart" name="testAddToCart" time="3.418"/>
  <testcase classname="testCases.TC04_CompletePurchase" name="testCompletePurchase" time="6.536"/>
  <testcase classname="testCases.TC05_AddToWishList" name="testAddToWishList" time="3.066"/>
  <testcase classname="testCases.TC06_AddAffiliate" name="testAddAffiliate" time="4.001"/>
</testsuite> <!-- chromeTest -->
