<?xml version="1.0" encoding="UTF-8"?>
<!-- Generated by org.testng.reporters.JUnitXMLReporter -->
<testsuite ignored="0" hostname="MacBookPro" failures="1" tests="13" name="chromeTest" time="63.035" errors="0" timestamp="2026-01-07T15:14:08 EST">
  <testcase classname="testCases.TC01_LaunchApplication" name="testLaunchApplication" time="0.005"/>
  <testcase classname="testCases.TC02_Login" name="testLogin" time="1.55"/>
  <testcase classname="testCases.TC02_Login" name="testLogin" time="0.866"/>
  <testcase classname="testCases.TC02_Login" name="testLogin" time="0.908"/>
  <testcase classname="testCases.TC02_Login" name="testLogin" time="0.842"/>
  <testcase classname="testCases.TC02_Login" name="testLogin" time="0.893"/>
  <testcase classname="testCases.TC02_Login" name="testLogin" time="0.847"/>
  <testcase classname="testCases.TC03_AddToCart" name="testAddToCart" time="3.487"/>
  <testcase classname="testCases.TC04_CompletePurchase" name="testCompletePurchase" time="7.136"/>
  <testcase classname="testCases.TC05_AddToWishList" name="testAddToWishList" time="12.489">
    <skipped/>
  </testcase> <!-- testAddToWishList -->
  <testcase classname="testCases.TC05_AddToWishList" name="testAddToWishList" time="10.093">
    <skipped/>
  </testcase> <!-- testAddToWishList -->
  <testcase classname="testCases.TC05_AddToWishList" name="testAddToWishList" time="1.043">
    <failure type="java.lang.AssertionError" message="Test failed due to unexpected exception">
      <![CDATA[java.lang.AssertionError: Test failed due to unexpected exception
at testCases.TC05_AddToWishList.testAddToWishList(TC05_AddToWishList.java:86)
at java.base/java.util.ArrayList.forEach(ArrayList.java:1604)
at java.base/java.util.concurrent.FutureTask.run(FutureTask.java:328)
at java.base/java.util.concurrent.ThreadPoolExecutor.runWorker(ThreadPoolExecutor.java:1090)
at java.base/java.util.concurrent.ThreadPoolExecutor$Worker.run(ThreadPoolExecutor.java:614)
at java.base/java.lang.Thread.run(Thread.java:1474)
... Removed 16 stack frames]]>
    </failure>
  </testcase> <!-- testAddToWishList -->
  <testcase classname="testCases.TC06_AddAffiliate" name="testAddAffiliate" time="3.03"/>
</testsuite> <!-- chromeTest -->
