<?xml version="1.0" encoding="UTF-8"?>
<!-- Generated by org.testng.reporters.JUnitXMLReporter -->
<testsuite ignored="0" hostname="MacBookPro" failures="2" tests="15" name="firefoxTest" time="69.133" errors="0" timestamp="2026-01-07T11:21:02 EST">
  <testcase classname="testCases.TC01_LaunchApplication" name="testLaunchApplication" time="0.003"/>
  <testcase classname="testCases.TC02_Login" name="testLogin" time="0.859"/>
  <testcase classname="testCases.TC02_Login" name="testLogin" time="0.814"/>
  <testcase classname="testCases.TC02_Login" name="testLogin" time="0.849"/>
  <testcase classname="testCases.TC02_Login" name="testLogin" time="0.838"/>
  <testcase classname="testCases.TC02_Login" name="testLogin" time="0.796"/>
  <testcase classname="testCases.TC02_Login" name="testLogin" time="0.854"/>
  <testcase classname="testCases.TC03_AddToCart" name="testAddToCart" time="3.116"/>
  <testcase classname="testCases.TC04_CompletePurchase" name="testCompletePurchase" time="5.15">
    <skipped/>
  </testcase> <!-- testCompletePurchase -->
  <testcase classname="testCases.TC04_CompletePurchase" name="testCompletePurchase" time="0.59">
    <skipped/>
  </testcase> <!-- testCompletePurchase -->
  <testcase classname="testCases.TC04_CompletePurchase" name="testCompletePurchase" time="0.52">
    <failure type="java.lang.AssertionError" message="Test failed due to unexpected exception">
      <![CDATA[java.lang.AssertionError: Test failed due to unexpected exception
at testCases.TC04_CompletePurchase.testCompletePurchase(TC04_CompletePurchase.java:94)
at java.base/java.util.ArrayList.forEach(ArrayList.java:1604)
at java.base/java.util.concurrent.FutureTask.run(FutureTask.java:328)
at java.base/java.util.concurrent.ThreadPoolExecutor.runWorker(ThreadPoolExecutor.java:1090)
at java.base/java.util.concurrent.ThreadPoolExecutor$Worker.run(ThreadPoolExecutor.java:614)
at java.base/java.lang.Thread.run(Thread.java:1474)
... Removed 16 stack frames]]>
    </failure>
  </testcase> <!-- testCompletePurchase -->
  <testcase classname="testCases.TC05_AddToWishList" name="testAddToWishList" time="2.285">
    <skipped/>
  </testcase> <!-- testAddToWishList -->
  <testcase classname="testCases.TC05_AddToWishList" name="testAddToWishList" time="10.086">
    <skipped/>
  </testcase> <!-- testAddToWishList -->
  <testcase classname="testCases.TC05_AddToWishList" name="testAddToWishList" time="10.087">
    <failure type="java.lang.AssertionError" message="Test failed due to unexpected exception">
      <![CDATA[java.lang.AssertionError: Test failed due to unexpected exception
at testCases.TC05_AddToWishList.testAddToWishList(TC05_AddToWishList.java:86)
at java.base/java.util.ArrayList.forEach(ArrayList.java:1604)
at java.base/java.util.concurrent.FutureTask.run(FutureTask.java:328)
at java.base/java.util.concurrent.ThreadPoolExecutor.runWorker(ThreadPoolExecutor.java:1090)
at java.base/java.util.concurrent.ThreadPoolExecutor$Worker.run(ThreadPoolExecutor.java:614)
at java.base/java.lang.Thread.run(Thread.java:1474)
... Removed 16 stack frames]]>
    </failure>
  </testcase> <!-- testAddToWishList -->
  <testcase classname="testCases.TC06_AddAffiliate" name="testAddAffiliate" time="2.863"/>
</testsuite> <!-- firefoxTest -->
