<?xml version="1.0" encoding="UTF-8"?>
<!-- Generated by org.testng.reporters.JUnitXMLReporter -->
<testsuite ignored="0" hostname="MacBookPro" failures="2" tests="15" name="firefoxTest" time="72.651" errors="0" timestamp="2026-01-07T15:14:17 EST">
  <testcase classname="testCases.TC01_LaunchApplication" name="testLaunchApplication" time="0.01"/>
  <testcase classname="testCases.TC02_Login" name="testLogin" time="0.831"/>
  <testcase classname="testCases.TC02_Login" name="testLogin" time="0.799"/>
  <testcase classname="testCases.TC02_Login" name="testLogin" time="0.822"/>
  <testcase classname="testCases.TC02_Login" name="testLogin" time="0.808"/>
  <testcase classname="testCases.TC02_Login" name="testLogin" time="0.804"/>
  <testcase classname="testCases.TC02_Login" name="testLogin" time="0.917"/>
  <testcase classname="testCases.TC03_AddToCart" name="testAddToCart" time="3.195"/>
  <testcase classname="testCases.TC04_CompletePurchase" name="testCompletePurchase" time="5.348">
    <skipped/>
  </testcase> <!-- testCompletePurchase -->
  <testcase classname="testCases.TC04_CompletePurchase" name="testCompletePurchase" time="1.754">
    <skipped/>
  </testcase> <!-- testCompletePurchase -->
  <testcase classname="testCases.TC04_CompletePurchase" name="testCompletePurchase" time="1.781">
    <failure type="java.lang.AssertionError" message="Test failed due to unexpected exception">
      <![CDATA[java.lang.AssertionError: Test failed due to unexpected exception
at testCases.TC04_CompletePurchase.testCompletePurchase(TC04_CompletePurchase.java:94)
at java.base/java.util.ArrayList.forEach(ArrayList.java:1604)
at java.base/java.util.concurrent.FutureTask.run(FutureTask.java:328)
at java.base/java.util.concurrent.ThreadPoolExecutor.runWorker(ThreadPoolExecutor.java:1090)
at java.base/java.util.concurrent.ThreadPoolExecutor$Worker.run(ThreadPoolExecutor.java:614)
at java.base/java.lang.Thread.run(Thread.java:1474)
... Removed 16 stack frames]]>
    </failure>
  </testcase> <!-- testCompletePurchase -->
  <testcase classname="testCases.TC05_AddToWishList" name="testAddToWishList" time="2.424">
    <skipped/>
  </testcase> <!-- testAddToWishList -->
  <testcase classname="testCases.TC05_AddToWishList" name="testAddToWishList" time="10.084">
    <skipped/>
  </testcase> <!-- testAddToWishList -->
  <testcase classname="testCases.TC05_AddToWishList" name="testAddToWishList" time="10.075">
    <failure type="java.lang.AssertionError" message="Test failed due to unexpected exception">
      <![CDATA[java.lang.AssertionError: Test failed due to unexpected exception
at testCases.TC05_AddToWishList.testAddToWishList(TC05_AddToWishList.java:86)
at java.base/java.util.ArrayList.forEach(ArrayList.java:1604)
at java.base/java.util.concurrent.FutureTask.run(FutureTask.java:328)
at java.base/java.util.concurrent.ThreadPoolExecutor.runWorker(ThreadPoolExecutor.java:1090)
at java.base/java.util.concurrent.ThreadPoolExecutor$Worker.run(ThreadPoolExecutor.java:614)
at java.base/java.lang.Thread.run(Thread.java:1474)
... Removed 16 stack frames]]>
    </failure>
  </testcase> <!-- testAddToWishList -->
  <testcase classname="testCases.TC06_AddAffiliate" name="testAddAffiliate" time="2.741"/>
</testsuite> <!-- firefoxTest -->
