<?xml version="1.0" encoding="UTF-8"?>
<testsuite xmlns:xsi="http://www.w3.org/2001/XMLSchema-instance" xsi:noNamespaceSchemaLocation="https://maven.apache.org/surefire/maven-surefire-plugin/xsd/surefire-test-report.xsd" version="3.0.2" name="TestSuite" time="69.626" tests="26" errors="0" skipped="4" failures="2">
  <properties>
[...]
</properties>
  <testcase name="testLaunchApplication" classname="testCases.TC01_LaunchApplication" time="0.01">
    <system-err><![CDATA[2026-01-07T16:19:53.297284Z main INFO Starting configuration XmlConfiguration[location=/Users/raymondrohring/eclipse-workspace/NinjaV6/target/test-classes/log4j2.xml, lastModified=2026-01-07T16:19:52.187Z]...
2026-01-07T16:19:53.297975Z main INFO Configuration XmlConfiguration[location=/Users/raymondrohring/eclipse-workspace/NinjaV6/target/test-classes/log4j2.xml, lastModified=2026-01-07T16:19:52.187Z] started.
2026-01-07T16:19:53.298928Z main INFO Stopping configuration org.apache.logging.log4j.core.config.DefaultConfiguration@3b07a0d6...
2026-01-07T16:19:53.299150Z main INFO Configuration org.apache.logging.log4j.core.config.DefaultConfiguration@3b07a0d6 stopped.
Jan 07, 2026 11:19:54 AM org.openqa.selenium.devtools.CdpVersionFinder findNearestMatch
WARNING: Unable to find an exact match for CDP version 143, returning the closest version; found: 142; Please update to a Selenium version that supports CDP version 143
]]></system-err>
  </testcase>
  <testcase name="testLaunchApplication" classname="testCases.TC01_LaunchApplication" time="0.003">
    <system-err><![CDATA[Jan 07, 2026 11:19:57 AM org.openqa.selenium.devtools.CdpVersionFinder findNearestMatch
WARNING: Unable to find an exact match for CDP version 143, returning the closest version; found: 142; Please update to a Selenium version that supports CDP version 143
]]></system-err>
  </testcase>
  <testcase name="testLogin[smitasharma.qa@gmail.com, ss*QA123](1)" classname="testCases.TC02_Login" time="1.056"/>
  <testcase name="testLogin[smitasharma.qa@gmail.com, ss*QA123](1)" classname="testCases.TC02_Login" time="0.722"/>
  <testcase name="testLogin[nona@yahoo.com, QWER!@#$](2)" classname="testCases.TC02_Login" time="1.153"/>
  <testcase name="testLogin[nona@yahoo.com, QWER!@#$](2)" classname="testCases.TC02_Login" time="0.684"/>
  <testcase name="testLogin[sid@cloudberry.services, Test123](3)" classname="testCases.TC02_Login" time="0.137"/>
  <testcase name="testLogin[sid@cloudberry.services, Test123](3)" classname="testCases.TC02_Login" time="0.657"/>
  <testcase name="testLogin[apushedwoman@gmail.com, password123](4)" classname="testCases.TC02_Login" time="0.131"/>
  <testcase name="testLogin[apushedwoman@gmail.com, password123](4)" classname="testCases.TC02_Login" time="0.842"/>
  <testcase name="testLogin[hichamkhachiai@gmail.com, hicham123](5)" classname="testCases.TC02_Login" time="0.192"/>
  <testcase name="testLogin[hichamkhachiai@gmail.com, hicham123](5)" classname="testCases.TC02_Login" time="0.795">
    <system-err><![CDATA[Jan 07, 2026 11:20:06 AM org.openqa.selenium.devtools.CdpVersionFinder findNearestMatch
WARNING: Unable to find an exact match for CDP version 143, returning the closest version; found: 142; Please update to a Selenium version that supports CDP version 143
]]></system-err>
  </testcase>
  <testcase name="testLogin[raymond.rohring@gmail.com, CloudBerry123](6)" classname="testCases.TC02_Login" time="0.257"/>
  <testcase name="testLogin[raymond.rohring@gmail.com, CloudBerry123](6)" classname="testCases.TC02_Login" time="0.174"/>
  <testcase name="testAddToCart" classname="testCases.TC03_AddToCart" time="3.418"/>
  <testcase name="testAddToCart" classname="testCases.TC03_AddToCart" time="2.577">
    <system-err><![CDATA[Jan 07, 2026 11:20:11 AM org.openqa.selenium.devtools.CdpVersionFinder findNearestMatch
WARNING: Unable to find an exact match for CDP version 143, returning the closest version; found: 142; Please update to a Selenium version that supports CDP version 143
]]></system-err>
  </testcase>
  <testcase name="testCompletePurchase" classname="testCases.TC04_CompletePurchase" time="6.537"/>
  <testcase name="testCompletePurchase" classname="testCases.TC04_CompletePurchase" time="0.0">
    <skipped message="Test failed due to unexpected exception"/>
    <system-err><![CDATA[Jan 07, 2026 11:20:21 AM org.openqa.selenium.devtools.CdpVersionFinder findNearestMatch
WARNING: Unable to find an exact match for CDP version 143, returning the closest version; found: 142; Please update to a Selenium version that supports CDP version 143
]]></system-err>
  </testcase>
  <testcase name="testCompletePurchase" classname="testCases.TC04_CompletePurchase" time="0.0">
    <skipped message="Test failed due to unexpected exception"/>
  </testcase>
  <testcase name="testCompletePurchase" classname="testCases.TC04_CompletePurchase" time="0.662">
    <failure message="Test failed due to unexpected exception" type="java.lang.AssertionError"><![CDATA[java.lang.AssertionError: Test failed due to unexpected exception
	at org.testng.Assert.fail(Assert.java:111)
	at testCases.TC04_CompletePurchase.testCompletePurchase(TC04_CompletePurchase.java:94)
	at java.base/jdk.internal.reflect.DirectMethodHandleAccessor.invoke(DirectMethodHandleAccessor.java:104)
	at java.base/java.lang.reflect.Method.invoke(Method.java:565)
	at org.testng.internal.invokers.MethodInvocationHelper.invokeMethod(MethodInvocationHelper.java:141)
	at org.testng.internal.invokers.TestInvoker.invokeMethod(TestInvoker.java:687)
	at org.testng.internal.invokers.TestInvoker.retryFailed(TestInvoker.java:269)
	at org.testng.internal.invokers.MethodRunner.runInSequence(MethodRunner.java:76)
	at org.testng.internal.invokers.TestInvoker$MethodInvocationAgent.invoke(TestInvoker.java:995)
	at org.testng.internal.invokers.TestInvoker.invokeTestMethods(TestInvoker.java:203)
	at org.testng.internal.invokers.TestMethodWorker.invokeTestMethods(TestMethodWorker.java:154)
	at org.testng.internal.invokers.TestMethodWorker.run(TestMethodWorker.java:134)
	at java.base/java.util.ArrayList.forEach(ArrayList.java:1604)
	at org.testng.TestRunner.privateRun(TestRunner.java:741)
	at org.testng.TestRunner.run(TestRunner.java:616)
	at org.testng.SuiteRunner.runTest(SuiteRunner.java:421)
	at org.testng.SuiteRunner$SuiteWorker.run(SuiteRunner.java:463)
	at org.testng.internal.thread.ThreadUtil.lambda$execute$0(ThreadUtil.java:64)
	at java.base/java.util.concurrent.FutureTask.run(FutureTask.java:328)
	at java.base/java.util.concurrent.ThreadPoolExecutor.runWorker(ThreadPoolExecutor.java:1090)
	at java.base/java.util.concurrent.ThreadPoolExecutor$Worker.run(ThreadPoolExecutor.java:614)
	at java.base/java.lang.Thread.run(Thread.java:1474)
]]></failure>
  </testcase>
  <testcase name="testAddToWishList" classname="testCases.TC05_AddToWishList" time="0.536"/>
  <testcase name="testAddToWishList" classname="testCases.TC05_AddToWishList" time="0.0">
    <skipped message="Test failed due to unexpected exception"/>
  </testcase>
  <testcase name="testAddToWishList" classname="testCases.TC05_AddToWishList" time="0.0">
    <skipped message="Test failed due to unexpected exception"/>
  </testcase>
  <testcase name="testAddToWishList" classname="testCases.TC05_AddToWishList" time="10.272">
    <failure message="Test failed due to unexpected exception" type="java.lang.AssertionError"><![CDATA[java.lang.AssertionError: Test failed due to unexpected exception
	at org.testng.Assert.fail(Assert.java:111)
	at testCases.TC05_AddToWishList.testAddToWishList(TC05_AddToWishList.java:86)
	at java.base/jdk.internal.reflect.DirectMethodHandleAccessor.invoke(DirectMethodHandleAccessor.java:104)
	at java.base/java.lang.reflect.Method.invoke(Method.java:565)
	at org.testng.internal.invokers.MethodInvocationHelper.invokeMethod(MethodInvocationHelper.java:141)
	at org.testng.internal.invokers.TestInvoker.invokeMethod(TestInvoker.java:687)
	at org.testng.internal.invokers.TestInvoker.retryFailed(TestInvoker.java:269)
	at org.testng.internal.invokers.MethodRunner.runInSequence(MethodRunner.java:76)
	at org.testng.internal.invokers.TestInvoker$MethodInvocationAgent.invoke(TestInvoker.java:995)
	at org.testng.internal.invokers.TestInvoker.invokeTestMethods(TestInvoker.java:203)
	at org.testng.internal.invokers.TestMethodWorker.invokeTestMethods(TestMethodWorker.java:154)
	at org.testng.internal.invokers.TestMethodWorker.run(TestMethodWorker.java:134)
	at java.base/java.util.ArrayList.forEach(ArrayList.java:1604)
	at org.testng.TestRunner.privateRun(TestRunner.java:741)
	at org.testng.TestRunner.run(TestRunner.java:616)
	at org.testng.SuiteRunner.runTest(SuiteRunner.java:421)
	at org.testng.SuiteRunner$SuiteWorker.run(SuiteRunner.java:463)
	at org.testng.internal.thread.ThreadUtil.lambda$execute$0(ThreadUtil.java:64)
	at java.base/java.util.concurrent.FutureTask.run(FutureTask.java:328)
	at java.base/java.util.concurrent.ThreadPoolExecutor.runWorker(ThreadPoolExecutor.java:1090)
	at java.base/java.util.concurrent.ThreadPoolExecutor$Worker.run(ThreadPoolExecutor.java:614)
	at java.base/java.lang.Thread.run(Thread.java:1474)
]]></failure>
  </testcase>
  <testcase name="testAddAffiliate" classname="testCases.TC06_AddAffiliate" time="0.281">
    <system-err><![CDATA[Jan 07, 2026 11:20:26 AM org.openqa.selenium.devtools.CdpVersionFinder findNearestMatch
WARNING: Unable to find an exact match for CDP version 143, returning the closest version; found: 142; Please update to a Selenium version that supports CDP version 143
]]></system-err>
  </testcase>
  <testcase name="testAddAffiliate" classname="testCases.TC06_AddAffiliate" time="2.862"/>
</testsuite>