<?xml version="1.0" encoding="UTF-8"?>
<testsuite xmlns:xsi="http://www.w3.org/2001/XMLSchema-instance" xsi:noNamespaceSchemaLocation="https://maven.apache.org/surefire/maven-surefire-plugin/xsd/surefire-test-report.xsd" version="3.0.2" name="TestSuite" time="69.626" tests="26" errors="0" skipped="4" failures="2">
  <properties>
    <property name="java.specification.version" value="25"/>
    <property name="sun.jnu.encoding" value="UTF-8"/>
    <property name="sun.awt.enableExtraMouseButtons" value="true"/>
    <property name="java.class.path" value="/Users/raymondrohring/eclipse-workspace/NinjaV6/target/test-classes:/Users/raymondrohring/eclipse-workspace/NinjaV6/target/classes:/Users/raymondrohring/.m2/repository/org/seleniumhq/selenium/selenium-java/4.38.0/selenium-java-4.38.0.jar:/Users/raymondrohring/.m2/repository/org/seleniumhq/selenium/selenium-api/4.38.0/selenium-api-4.38.0.jar:/Users/raymondrohring/.m2/repository/org/jspecify/jspecify/1.0.0/jspecify-1.0.0.jar:/Users/raymondrohring/.m2/repository/org/seleniumhq/selenium/selenium-chrome-driver/4.38.0/selenium-chrome-driver-4.38.0.jar:/Users/raymondrohring/.m2/repository/com/google/auto/service/auto-service-annotations/1.1.1/auto-service-annotations-1.1.1.jar:/Users/raymondrohring/.m2/repository/org/seleniumhq/selenium/selenium-chromium-driver/4.38.0/selenium-chromium-driver-4.38.0.jar:/Users/raymondrohring/.m2/repository/org/seleniumhq/selenium/selenium-json/4.38.0/selenium-json-4.38.0.jar:/Users/raymondrohring/.m2/repository/org/seleniumhq/selenium/selenium-manager/4.38.0/selenium-manager-4.38.0.jar:/Users/raymondrohring/.m2/repository/org/seleniumhq/selenium/selenium-devtools-v140/4.38.0/selenium-devtools-v140-4.38.0.jar:/Users/raymondrohring/.m2/repository/org/seleniumhq/selenium/selenium-devtools-v141/4.38.0/selenium-devtools-v141-4.38.0.jar:/Users/raymondrohring/.m2/repository/org/seleniumhq/selenium/selenium-devtools-v142/4.38.0/selenium-devtools-v142-4.38.0.jar:/Users/raymondrohring/.m2/repository/org/seleniumhq/selenium/selenium-edge-driver/4.38.0/selenium-edge-driver-4.38.0.jar:/Users/raymondrohring/.m2/repository/org/seleniumhq/selenium/selenium-firefox-driver/4.38.0/selenium-firefox-driver-4.38.0.jar:/Users/raymondrohring/.m2/repository/org/seleniumhq/selenium/selenium-http/4.38.0/selenium-http-4.38.0.jar:/Users/raymondrohring/.m2/repository/org/seleniumhq/selenium/selenium-ie-driver/4.38.0/selenium-ie-driver-4.38.0.jar:/Users/raymondrohring/.m2/repository/org/seleniumhq/selenium/selenium-remote-driver/4.38.0/selenium-remote-driver-4.38.0.jar:/Users/raymondrohring/.m2/repository/com/google/guava/guava/33.5.0-jre/guava-33.5.0-jre.jar:/Users/raymondrohring/.m2/repository/com/google/guava/failureaccess/1.0.3/failureaccess-1.0.3.jar:/Users/raymondrohring/.m2/repository/com/google/guava/listenablefuture/9999.0-empty-to-avoid-conflict-with-guava/listenablefuture-9999.0-empty-to-avoid-conflict-with-guava.jar:/Users/raymondrohring/.m2/repository/com/google/errorprone/error_prone_annotations/2.41.0/error_prone_annotations-2.41.0.jar:/Users/raymondrohring/.m2/repository/com/google/j2objc/j2objc-annotations/3.1/j2objc-annotations-3.1.jar:/Users/raymondrohring/.m2/repository/io/opentelemetry/opentelemetry-api/1.55.0/opentelemetry-api-1.55.0.jar:/Users/raymondrohring/.m2/repository/io/opentelemetry/opentelemetry-context/1.55.0/opentelemetry-context-1.55.0.jar:/Users/raymondrohring/.m2/repository/io/opentelemetry/opentelemetry-common/1.55.0/opentelemetry-common-1.55.0.jar:/Users/raymondrohring/.m2/repository/io/opentelemetry/opentelemetry-exporter-logging/1.55.0/opentelemetry-exporter-logging-1.55.0.jar:/Users/raymondrohring/.m2/repository/io/opentelemetry/opentelemetry-sdk-common/1.55.0/opentelemetry-sdk-common-1.55.0.jar:/Users/raymondrohring/.m2/repository/io/opentelemetry/opentelemetry-sdk-extension-autoconfigure-spi/1.55.0/opentelemetry-sdk-extension-autoconfigure-spi-1.55.0.jar:/Users/raymondrohring/.m2/repository/io/opentelemetry/opentelemetry-sdk-extension-autoconfigure/1.55.0/opentelemetry-sdk-extension-autoconfigure-1.55.0.jar:/Users/raymondrohring/.m2/repository/io/opentelemetry/opentelemetry-sdk-trace/1.55.0/opentelemetry-sdk-trace-1.55.0.jar:/Users/raymondrohring/.m2/repository/io/opentelemetry/opentelemetry-sdk/1.55.0/opentelemetry-sdk-1.55.0.jar:/Users/raymondrohring/.m2/repository/io/opentelemetry/opentelemetry-sdk-metrics/1.55.0/opentelemetry-sdk-metrics-1.55.0.jar:/Users/raymondrohring/.m2/repository/io/opentelemetry/opentelemetry-sdk-logs/1.55.0/opentelemetry-sdk-logs-1.55.0.jar:/Users/raymondrohring/.m2/repository/net/bytebuddy/byte-buddy/1.17.8/byte-buddy-1.17.8.jar:/Users/raymondrohring/.m2/repository/org/seleniumhq/selenium/selenium-os/4.38.0/selenium-os-4.38.0.jar:/Users/raymondrohring/.m2/repository/org/apache/commons/commons-exec/1.5.0/commons-exec-1.5.0.jar:/Users/raymondrohring/.m2/repository/org/seleniumhq/selenium/selenium-safari-driver/4.38.0/selenium-safari-driver-4.38.0.jar:/Users/raymondrohring/.m2/repository/org/seleniumhq/selenium/selenium-support/4.38.0/selenium-support-4.38.0.jar:/Users/raymondrohring/.m2/repository/org/testng/testng/7.11.0/testng-7.11.0.jar:/Users/raymondrohring/.m2/repository/org/slf4j/slf4j-api/2.0.16/slf4j-api-2.0.16.jar:/Users/raymondrohring/.m2/repository/org/jcommander/jcommander/1.83/jcommander-1.83.jar:/Users/raymondrohring/.m2/repository/org/webjars/jquery/3.7.1/jquery-3.7.1.jar:/Users/raymondrohring/.m2/repository/com/aventstack/extentreports/5.1.2/extentreports-5.1.2.jar:/Users/raymondrohring/.m2/repository/io/reactivex/rxjava3/rxjava/3.1.6/rxjava-3.1.6.jar:/Users/raymondrohring/.m2/repository/org/reactivestreams/reactive-streams/1.0.4/reactive-streams-1.0.4.jar:/Users/raymondrohring/.m2/repository/org/freemarker/freemarker/2.3.32/freemarker-2.3.32.jar:/Users/raymondrohring/.m2/repository/org/projectlombok/lombok/1.18.26/lombok-1.18.26.jar:/Users/raymondrohring/.m2/repository/com/google/code/gson/gson/2.10.1/gson-2.10.1.jar:/Users/raymondrohring/.m2/repository/org/apache/poi/poi/5.5.1/poi-5.5.1.jar:/Users/raymondrohring/.m2/repository/commons-codec/commons-codec/1.20.0/commons-codec-1.20.0.jar:/Users/raymondrohring/.m2/repository/org/apache/commons/commons-collections4/4.5.0/commons-collections4-4.5.0.jar:/Users/raymondrohring/.m2/repository/org/apache/commons/commons-math3/3.6.1/commons-math3-3.6.1.jar:/Users/raymondrohring/.m2/repository/commons-io/commons-io/2.21.0/commons-io-2.21.0.jar:/Users/raymondrohring/.m2/repository/com/zaxxer/SparseBitSet/1.3/SparseBitSet-1.3.jar:/Users/raymondrohring/.m2/repository/org/apache/poi/poi-ooxml/5.5.1/poi-ooxml-5.5.1.jar:/Users/raymondrohring/.m2/repository/org/apache/poi/poi-ooxml-lite/5.5.1/poi-ooxml-lite-5.5.1.jar:/Users/raymondrohring/.m2/repository/org/apache/xmlbeans/xmlbeans/5.3.0/xmlbeans-5.3.0.jar:/Users/raymondrohring/.m2/repository/org/apache/commons/commons-compress/1.28.0/commons-compress-1.28.0.jar:/Users/raymondrohring/.m2/repository/org/apache/commons/commons-lang3/3.18.0/commons-lang3-3.18.0.jar:/Users/raymondrohring/.m2/repository/com/github/virtuald/curvesapi/1.08/curvesapi-1.08.jar:/Users/raymondrohring/.m2/repository/org/apache/commons/commons-email/1.6.0/commons-email-1.6.0.jar:/Users/raymondrohring/.m2/repository/com/sun/mail/jakarta.mail/1.6.7/jakarta.mail-1.6.7.jar:/Users/raymondrohring/.m2/repository/com/sun/activation/jakarta.activation/1.2.1/jakarta.activation-1.2.1.jar:/Users/raymondrohring/.m2/repository/org/apache/logging/log4j/log4j-core/2.25.3/log4j-core-2.25.3.jar:/Users/raymondrohring/.m2/repository/org/apache/logging/log4j/log4j-api/2.25.3/log4j-api-2.25.3.jar:/Users/raymondrohring/.m2/repository/org/apache/logging/log4j/log4j-slf4j2-impl/2.25.3/log4j-slf4j2-impl-2.25.3.jar:"/>
    <property name="java.vm.vendor" value="Homebrew"/>
    <property name="sun.arch.data.model" value="64"/>
    <property name="java.vendor.url" value="https://github.com/Homebrew/homebrew-core/issues"/>
    <property name="user.timezone" value="America/New_York"/>
    <property name="os.name" value="Mac OS X"/>
    <property name="java.vm.specification.version" value="25"/>
    <property name="sun.java.launcher" value="SUN_STANDARD"/>
    <property name="user.country" value="US"/>
    <property name="sun.boot.library.path" value="/opt/homebrew/Cellar/openjdk/25.0.1/libexec/openjdk.jdk/Contents/Home/lib"/>
    <property name="sun.java.command" value="/Users/raymondrohring/eclipse-workspace/NinjaV6/target/surefire/surefirebooter-20260107111952918_3.jar /Users/raymondrohring/eclipse-workspace/NinjaV6/target/surefire 2026-01-07T11-19-52_878-jvmRun1 surefire-20260107111952918_1tmp surefire_0-20260107111952918_2tmp"/>
    <property name="http.nonProxyHosts" value="local|*.local|169.254/16|*.169.254/16"/>
    <property name="jdk.debug" value="release"/>
    <property name="surefire.test.class.path" value="/Users/raymondrohring/eclipse-workspace/NinjaV6/target/test-classes:/Users/raymondrohring/eclipse-workspace/NinjaV6/target/classes:/Users/raymondrohring/.m2/repository/org/seleniumhq/selenium/selenium-java/4.38.0/selenium-java-4.38.0.jar:/Users/raymondrohring/.m2/repository/org/seleniumhq/selenium/selenium-api/4.38.0/selenium-api-4.38.0.jar:/Users/raymondrohring/.m2/repository/org/jspecify/jspecify/1.0.0/jspecify-1.0.0.jar:/Users/raymondrohring/.m2/repository/org/seleniumhq/selenium/selenium-chrome-driver/4.38.0/selenium-chrome-driver-4.38.0.jar:/Users/raymondrohring/.m2/repository/com/google/auto/service/auto-service-annotations/1.1.1/auto-service-annotations-1.1.1.jar:/Users/raymondrohring/.m2/repository/org/seleniumhq/selenium/selenium-chromium-driver/4.38.0/selenium-chromium-driver-4.38.0.jar:/Users/raymondrohring/.m2/repository/org/seleniumhq/selenium/selenium-json/4.38.0/selenium-json-4.38.0.jar:/Users/raymondrohring/.m2/repository/org/seleniumhq/selenium/selenium-manager/4.38.0/selenium-manager-4.38.0.jar:/Users/raymondrohring/.m2/repository/org/seleniumhq/selenium/selenium-devtools-v140/4.38.0/selenium-devtools-v140-4.38.0.jar:/Users/raymondrohring/.m2/repository/org/seleniumhq/selenium/selenium-devtools-v141/4.38.0/selenium-devtools-v141-4.38.0.jar:/Users/raymondrohring/.m2/repository/org/seleniumhq/selenium/selenium-devtools-v142/4.38.0/selenium-devtools-v142-4.38.0.jar:/Users/raymondrohring/.m2/repository/org/seleniumhq/selenium/selenium-edge-driver/4.38.0/selenium-edge-driver-4.38.0.jar:/Users/raymondrohring/.m2/repository/org/seleniumhq/selenium/selenium-firefox-driver/4.38.0/selenium-firefox-driver-4.38.0.jar:/Users/raymondrohring/.m2/repository/org/seleniumhq/selenium/selenium-http/4.38.0/selenium-http-4.38.0.jar:/Users/raymondrohring/.m2/repository/org/seleniumhq/selenium/selenium-ie-driver/4.38.0/selenium-ie-driver-4.38.0.jar:/Users/raymondrohring/.m2/repository/org/seleniumhq/selenium/selenium-remote-driver/4.38.0/selenium-remote-driver-4.38.0.jar:/Users/raymondrohring/.m2/repository/com/google/guava/guava/33.5.0-jre/guava-33.5.0-jre.jar:/Users/raymondrohring/.m2/repository/com/google/guava/failureaccess/1.0.3/failureaccess-1.0.3.jar:/Users/raymondrohring/.m2/repository/com/google/guava/listenablefuture/9999.0-empty-to-avoid-conflict-with-guava/listenablefuture-9999.0-empty-to-avoid-conflict-with-guava.jar:/Users/raymondrohring/.m2/repository/com/google/errorprone/error_prone_annotations/2.41.0/error_prone_annotations-2.41.0.jar:/Users/raymondrohring/.m2/repository/com/google/j2objc/j2objc-annotations/3.1/j2objc-annotations-3.1.jar:/Users/raymondrohring/.m2/repository/io/opentelemetry/opentelemetry-api/1.55.0/opentelemetry-api-1.55.0.jar:/Users/raymondrohring/.m2/repository/io/opentelemetry/opentelemetry-context/1.55.0/opentelemetry-context-1.55.0.jar:/Users/raymondrohring/.m2/repository/io/opentelemetry/opentelemetry-common/1.55.0/opentelemetry-common-1.55.0.jar:/Users/raymondrohring/.m2/repository/io/opentelemetry/opentelemetry-exporter-logging/1.55.0/opentelemetry-exporter-logging-1.55.0.jar:/Users/raymondrohring/.m2/repository/io/opentelemetry/opentelemetry-sdk-common/1.55.0/opentelemetry-sdk-common-1.55.0.jar:/Users/raymondrohring/.m2/repository/io/opentelemetry/opentelemetry-sdk-extension-autoconfigure-spi/1.55.0/opentelemetry-sdk-extension-autoconfigure-spi-1.55.0.jar:/Users/raymondrohring/.m2/repository/io/opentelemetry/opentelemetry-sdk-extension-autoconfigure/1.55.0/opentelemetry-sdk-extension-autoconfigure-1.55.0.jar:/Users/raymondrohring/.m2/repository/io/opentelemetry/opentelemetry-sdk-trace/1.55.0/opentelemetry-sdk-trace-1.55.0.jar:/Users/raymondrohring/.m2/repository/io/opentelemetry/opentelemetry-sdk/1.55.0/opentelemetry-sdk-1.55.0.jar:/Users/raymondrohring/.m2/repository/io/opentelemetry/opentelemetry-sdk-metrics/1.55.0/opentelemetry-sdk-metrics-1.55.0.jar:/Users/raymondrohring/.m2/repository/io/opentelemetry/opentelemetry-sdk-logs/1.55.0/opentelemetry-sdk-logs-1.55.0.jar:/Users/raymondrohring/.m2/repository/net/bytebuddy/byte-buddy/1.17.8/byte-buddy-1.17.8.jar:/Users/raymondrohring/.m2/repository/org/seleniumhq/selenium/selenium-os/4.38.0/selenium-os-4.38.0.jar:/Users/raymondrohring/.m2/repository/org/apache/commons/commons-exec/1.5.0/commons-exec-1.5.0.jar:/Users/raymondrohring/.m2/repository/org/seleniumhq/selenium/selenium-safari-driver/4.38.0/selenium-safari-driver-4.38.0.jar:/Users/raymondrohring/.m2/repository/org/seleniumhq/selenium/selenium-support/4.38.0/selenium-support-4.38.0.jar:/Users/raymondrohring/.m2/repository/org/testng/testng/7.11.0/testng-7.11.0.jar:/Users/raymondrohring/.m2/repository/org/slf4j/slf4j-api/2.0.16/slf4j-api-2.0.16.jar:/Users/raymondrohring/.m2/repository/org/jcommander/jcommander/1.83/jcommander-1.83.jar:/Users/raymondrohring/.m2/repository/org/webjars/jquery/3.7.1/jquery-3.7.1.jar:/Users/raymondrohring/.m2/repository/com/aventstack/extentreports/5.1.2/extentreports-5.1.2.jar:/Users/raymondrohring/.m2/repository/io/reactivex/rxjava3/rxjava/3.1.6/rxjava-3.1.6.jar:/Users/raymondrohring/.m2/repository/org/reactivestreams/reactive-streams/1.0.4/reactive-streams-1.0.4.jar:/Users/raymondrohring/.m2/repository/org/freemarker/freemarker/2.3.32/freemarker-2.3.32.jar:/Users/raymondrohring/.m2/repository/org/projectlombok/lombok/1.18.26/lombok-1.18.26.jar:/Users/raymondrohring/.m2/repository/com/google/code/gson/gson/2.10.1/gson-2.10.1.jar:/Users/raymondrohring/.m2/repository/org/apache/poi/poi/5.5.1/poi-5.5.1.jar:/Users/raymondrohring/.m2/repository/commons-codec/commons-codec/1.20.0/commons-codec-1.20.0.jar:/Users/raymondrohring/.m2/repository/org/apache/commons/commons-collections4/4.5.0/commons-collections4-4.5.0.jar:/Users/raymondrohring/.m2/repository/org/apache/commons/commons-math3/3.6.1/commons-math3-3.6.1.jar:/Users/raymondrohring/.m2/repository/commons-io/commons-io/2.21.0/commons-io-2.21.0.jar:/Users/raymondrohring/.m2/repository/com/zaxxer/SparseBitSet/1.3/SparseBitSet-1.3.jar:/Users/raymondrohring/.m2/repository/org/apache/poi/poi-ooxml/5.5.1/poi-ooxml-5.5.1.jar:/Users/raymondrohring/.m2/repository/org/apache/poi/poi-ooxml-lite/5.5.1/poi-ooxml-lite-5.5.1.jar:/Users/raymondrohring/.m2/repository/org/apache/xmlbeans/xmlbeans/5.3.0/xmlbeans-5.3.0.jar:/Users/raymondrohring/.m2/repository/org/apache/commons/commons-compress/1.28.0/commons-compress-1.28.0.jar:/Users/raymondrohring/.m2/repository/org/apache/commons/commons-lang3/3.18.0/commons-lang3-3.18.0.jar:/Users/raymondrohring/.m2/repository/com/github/virtuald/curvesapi/1.08/curvesapi-1.08.jar:/Users/raymondrohring/.m2/repository/org/apache/commons/commons-email/1.6.0/commons-email-1.6.0.jar:/Users/raymondrohring/.m2/repository/com/sun/mail/jakarta.mail/1.6.7/jakarta.mail-1.6.7.jar:/Users/raymondrohring/.m2/repository/com/sun/activation/jakarta.activation/1.2.1/jakarta.activation-1.2.1.jar:/Users/raymondrohring/.m2/repository/org/apache/logging/log4j/log4j-core/2.25.3/log4j-core-2.25.3.jar:/Users/raymondrohring/.m2/repository/org/apache/logging/log4j/log4j-api/2.25.3/log4j-api-2.25.3.jar:/Users/raymondrohring/.m2/repository/org/apache/logging/log4j/log4j-slf4j2-impl/2.25.3/log4j-slf4j2-impl-2.25.3.jar:"/>
    <property name="sun.cpu.endian" value="little"/>
    <property name="user.home" value="/Users/raymondrohring"/>
    <property name="user.language" value="en"/>
    <property name="java.specification.vendor" value="Oracle Corporation"/>
    <property name="java.version.date" value="2025-10-21"/>
    <property name="java.home" value="/opt/homebrew/Cellar/openjdk/25.0.1/libexec/openjdk.jdk/Contents/Home"/>
    <property name="file.separator" value="/"/>
    <property name="basedir" value="/Users/raymondrohring/eclipse-workspace/NinjaV6"/>
    <property name="java.vm.compressedOopsMode" value="Zero based"/>
    <property name="line.separator" value="&#10;"/>
    <property name="java.vm.specification.vendor" value="Oracle Corporation"/>
    <property name="java.specification.name" value="Java Platform API Specification"/>
    <property name="apple.awt.application.name" value="ForkedBooter"/>
    <property name="surefire.real.class.path" value="/Users/raymondrohring/eclipse-workspace/NinjaV6/target/surefire/surefirebooter-20260107111952918_3.jar"/>
    <property name="sun.management.compiler" value="HotSpot 64-Bit Tiered Compilers"/>
    <property name="ftp.nonProxyHosts" value="local|*.local|169.254/16|*.169.254/16"/>
    <property name="java.runtime.version" value="25.0.1"/>
    <property name="user.name" value="raymondrohring"/>
    <property name="stdout.encoding" value="UTF-8"/>
    <property name="path.separator" value=":"/>
    <property name="os.version" value="15.7.3"/>
    <property name="java.runtime.name" value="OpenJDK Runtime Environment"/>
    <property name="file.encoding" value="UTF-8"/>
    <property name="java.vm.name" value="OpenJDK 64-Bit Server VM"/>
    <property name="java.vendor.version" value="Homebrew"/>
    <property name="localRepository" value="/Users/raymondrohring/.m2/repository"/>
    <property name="java.vendor.url.bug" value="https://github.com/Homebrew/homebrew-core/issues"/>
    <property name="java.io.tmpdir" value="/var/folders/s_/gtx7gycs2yq78_s109jv3ls40000gn/T/"/>
    <property name="java.version" value="25.0.1"/>
    <property name="user.dir" value="/Users/raymondrohring/eclipse-workspace/NinjaV6"/>
    <property name="os.arch" value="aarch64"/>
    <property name="java.vm.specification.name" value="Java Virtual Machine Specification"/>
    <property name="native.encoding" value="UTF-8"/>
    <property name="java.library.path" value="/Users/raymondrohring/Library/Java/Extensions:/Library/Java/Extensions:/Network/Library/Java/Extensions:/System/Library/Java/Extensions:/usr/lib/java:."/>
    <property name="java.vm.info" value="mixed mode, sharing"/>
    <property name="stderr.encoding" value="UTF-8"/>
    <property name="java.vendor" value="Homebrew"/>
    <property name="java.vm.version" value="25.0.1"/>
    <property name="stdin.encoding" value="UTF-8"/>
    <property name="sun.io.unicode.encoding" value="UnicodeBig"/>
    <property name="socksNonProxyHosts" value="local|*.local|169.254/16|*.169.254/16"/>
    <property name="java.class.version" value="69.0"/>
  </properties>
  <testcase name="testLaunchApplication" classname="testCases.TC01_LaunchApplication" time="0.01">
    <system-err><![CDATA[2026-01-07T16:19:53.297284Z main INFO Starting configuration XmlConfiguration[location=/Users/raymondrohring/eclipse-workspace/NinjaV6/target/test-classes/log4j2.xml, lastModified=2026-01-07T16:19:52.187Z]...
2026-01-07T16:19:53.297975Z main INFO Configuration XmlConfiguration[location=/Users/raymondrohring/eclipse-workspace/NinjaV6/target/test-classes/log4j2.xml, lastModified=2026-01-07T16:19:52.187Z] started.
2026-01-07T16:19:53.298928Z main INFO Stopping configuration org.apache.logging.log4j.core.config.DefaultConfiguration@3b07a0d6...
2026-01-07T16:19:53.299150Z main INFO Configuration org.apache.logging.log4j.core.config.DefaultConfiguration@3b07a0d6 stopped.
Jan 07, 2026 11:19:54 AM org.openqa.selenium.devtools.CdpVersionFinder findNearestMatch
WARNING: Unable to find an exact match for CDP version 143, returning the closest version; found: 142; Please update to a Selenium version that supports CDP version 143
]]></system-err>
  </testcase>
  <testcase name="testLaunchApplication" classname="testCases.TC01_LaunchApplication" time="0.003">
    <system-err><![CDATA[Jan 07, 2026 11:19:57 AM org.openqa.selenium.devtools.CdpVersionFinder findNearestMatch
WARNING: Unable to find an exact match for CDP version 143, returning the closest version; found: 142; Please update to a Selenium version that supports CDP version 143
]]></system-err>
  </testcase>
  <testcase name="testLogin[smitasharma.qa@gmail.com, ss*QA123](1)" classname="testCases.TC02_Login" time="1.056"/>
  <testcase name="testLogin[smitasharma.qa@gmail.com, ss*QA123](1)" classname="testCases.TC02_Login" time="0.722"/>
  <testcase name="testLogin[nona@yahoo.com, QWER!@#$](2)" classname="testCases.TC02_Login" time="1.153"/>
  <testcase name="testLogin[nona@yahoo.com, QWER!@#$](2)" classname="testCases.TC02_Login" time="0.684"/>
  <testcase name="testLogin[sid@cloudberry.services, Test123](3)" classname="testCases.TC02_Login" time="0.137"/>
  <testcase name="testLogin[sid@cloudberry.services, Test123](3)" classname="testCases.TC02_Login" time="0.657"/>
  <testcase name="testLogin[apushedwoman@gmail.com, password123](4)" classname="testCases.TC02_Login" time="0.131"/>
  <testcase name="testLogin[apushedwoman@gmail.com, password123](4)" classname="testCases.TC02_Login" time="0.842"/>
  <testcase name="testLogin[hichamkhachiai@gmail.com, hicham123](5)" classname="testCases.TC02_Login" time="0.192"/>
  <testcase name="testLogin[hichamkhachiai@gmail.com, hicham123](5)" classname="testCases.TC02_Login" time="0.795">
    <system-err><![CDATA[Jan 07, 2026 11:20:06 AM org.openqa.selenium.devtools.CdpVersionFinder findNearestMatch
WARNING: Unable to find an exact match for CDP version 143, returning the closest version; found: 142; Please update to a Selenium version that supports CDP version 143
]]></system-err>
  </testcase>
  <testcase name="testLogin[raymond.rohring@gmail.com, CloudBerry123](6)" classname="testCases.TC02_Login" time="0.257"/>
  <testcase name="testLogin[raymond.rohring@gmail.com, CloudBerry123](6)" classname="testCases.TC02_Login" time="0.174"/>
  <testcase name="testAddToCart" classname="testCases.TC03_AddToCart" time="3.418"/>
  <testcase name="testAddToCart" classname="testCases.TC03_AddToCart" time="2.577">
    <system-err><![CDATA[Jan 07, 2026 11:20:11 AM org.openqa.selenium.devtools.CdpVersionFinder findNearestMatch
WARNING: Unable to find an exact match for CDP version 143, returning the closest version; found: 142; Please update to a Selenium version that supports CDP version 143
]]></system-err>
  </testcase>
  <testcase name="testCompletePurchase" classname="testCases.TC04_CompletePurchase" time="6.537"/>
  <testcase name="testCompletePurchase" classname="testCases.TC04_CompletePurchase" time="0.0">
    <skipped message="Test failed due to unexpected exception"/>
    <system-err><![CDATA[Jan 07, 2026 11:20:21 AM org.openqa.selenium.devtools.CdpVersionFinder findNearestMatch
WARNING: Unable to find an exact match for CDP version 143, returning the closest version; found: 142; Please update to a Selenium version that supports CDP version 143
]]></system-err>
  </testcase>
  <testcase name="testCompletePurchase" classname="testCases.TC04_CompletePurchase" time="0.0">
    <skipped message="Test failed due to unexpected exception"/>
  </testcase>
  <testcase name="testCompletePurchase" classname="testCases.TC04_CompletePurchase" time="0.662">
    <failure message="Test failed due to unexpected exception" type="java.lang.AssertionError"><![CDATA[java.lang.AssertionError: Test failed due to unexpected exception
	at org.testng.Assert.fail(Assert.java:111)
	at testCases.TC04_CompletePurchase.testCompletePurchase(TC04_CompletePurchase.java:94)
	at java.base/jdk.internal.reflect.DirectMethodHandleAccessor.invoke(DirectMethodHandleAccessor.java:104)
	at java.base/java.lang.reflect.Method.invoke(Method.java:565)
	at org.testng.internal.invokers.MethodInvocationHelper.invokeMethod(MethodInvocationHelper.java:141)
	at org.testng.internal.invokers.TestInvoker.invokeMethod(TestInvoker.java:687)
	at org.testng.internal.invokers.TestInvoker.retryFailed(TestInvoker.java:269)
	at org.testng.internal.invokers.MethodRunner.runInSequence(MethodRunner.java:76)
	at org.testng.internal.invokers.TestInvoker$MethodInvocationAgent.invoke(TestInvoker.java:995)
	at org.testng.internal.invokers.TestInvoker.invokeTestMethods(TestInvoker.java:203)
	at org.testng.internal.invokers.TestMethodWorker.invokeTestMethods(TestMethodWorker.java:154)
	at org.testng.internal.invokers.TestMethodWorker.run(TestMethodWorker.java:134)
	at java.base/java.util.ArrayList.forEach(ArrayList.java:1604)
	at org.testng.TestRunner.privateRun(TestRunner.java:741)
	at org.testng.TestRunner.run(TestRunner.java:616)
	at org.testng.SuiteRunner.runTest(SuiteRunner.java:421)
	at org.testng.SuiteRunner$SuiteWorker.run(SuiteRunner.java:463)
	at org.testng.internal.thread.ThreadUtil.lambda$execute$0(ThreadUtil.java:64)
	at java.base/java.util.concurrent.FutureTask.run(FutureTask.java:328)
	at java.base/java.util.concurrent.ThreadPoolExecutor.runWorker(ThreadPoolExecutor.java:1090)
	at java.base/java.util.concurrent.ThreadPoolExecutor$Worker.run(ThreadPoolExecutor.java:614)
	at java.base/java.lang.Thread.run(Thread.java:1474)
]]></failure>
  </testcase>
  <testcase name="testAddToWishList" classname="testCases.TC05_AddToWishList" time="0.536"/>
  <testcase name="testAddToWishList" classname="testCases.TC05_AddToWishList" time="0.0">
    <skipped message="Test failed due to unexpected exception"/>
  </testcase>
  <testcase name="testAddToWishList" classname="testCases.TC05_AddToWishList" time="0.0">
    <skipped message="Test failed due to unexpected exception"/>
  </testcase>
  <testcase name="testAddToWishList" classname="testCases.TC05_AddToWishList" time="10.272">
    <failure message="Test failed due to unexpected exception" type="java.lang.AssertionError"><![CDATA[java.lang.AssertionError: Test failed due to unexpected exception
	at org.testng.Assert.fail(Assert.java:111)
	at testCases.TC05_AddToWishList.testAddToWishList(TC05_AddToWishList.java:86)
	at java.base/jdk.internal.reflect.DirectMethodHandleAccessor.invoke(DirectMethodHandleAccessor.java:104)
	at java.base/java.lang.reflect.Method.invoke(Method.java:565)
	at org.testng.internal.invokers.MethodInvocationHelper.invokeMethod(MethodInvocationHelper.java:141)
	at org.testng.internal.invokers.TestInvoker.invokeMethod(TestInvoker.java:687)
	at org.testng.internal.invokers.TestInvoker.retryFailed(TestInvoker.java:269)
	at org.testng.internal.invokers.MethodRunner.runInSequence(MethodRunner.java:76)
	at org.testng.internal.invokers.TestInvoker$MethodInvocationAgent.invoke(TestInvoker.java:995)
	at org.testng.internal.invokers.TestInvoker.invokeTestMethods(TestInvoker.java:203)
	at org.testng.internal.invokers.TestMethodWorker.invokeTestMethods(TestMethodWorker.java:154)
	at org.testng.internal.invokers.TestMethodWorker.run(TestMethodWorker.java:134)
	at java.base/java.util.ArrayList.forEach(ArrayList.java:1604)
	at org.testng.TestRunner.privateRun(TestRunner.java:741)
	at org.testng.TestRunner.run(TestRunner.java:616)
	at org.testng.SuiteRunner.runTest(SuiteRunner.java:421)
	at org.testng.SuiteRunner$SuiteWorker.run(SuiteRunner.java:463)
	at org.testng.internal.thread.ThreadUtil.lambda$execute$0(ThreadUtil.java:64)
	at java.base/java.util.concurrent.FutureTask.run(FutureTask.java:328)
	at java.base/java.util.concurrent.ThreadPoolExecutor.runWorker(ThreadPoolExecutor.java:1090)
	at java.base/java.util.concurrent.ThreadPoolExecutor$Worker.run(ThreadPoolExecutor.java:614)
	at java.base/java.lang.Thread.run(Thread.java:1474)
]]></failure>
  </testcase>
  <testcase name="testAddAffiliate" classname="testCases.TC06_AddAffiliate" time="0.281">
    <system-err><![CDATA[Jan 07, 2026 11:20:26 AM org.openqa.selenium.devtools.CdpVersionFinder findNearestMatch
WARNING: Unable to find an exact match for CDP version 143, returning the closest version; found: 142; Please update to a Selenium version that supports CDP version 143
]]></system-err>
  </testcase>
  <testcase name="testAddAffiliate" classname="testCases.TC06_AddAffiliate" time="2.862"/>
</testsuite>