<?xml version="1.0" encoding="UTF-8"?>
<!-- Generated by org.testng.reporters.JUnitReportReporter -->
<testsuite hostname="MacBookPro" failures="0" tests="2" name="testCases.TC01_LaunchApplication" time="0.041" errors="0" timestamp="2026-01-05T16:30:45 EST" skipped="0">
  <testcase classname="testCases.TC01_LaunchApplication" name="testLaunchApplication" time="0.025"/>
  <testcase classname="testCases.TC01_LaunchApplication" name="testLaunchApplication" time="0.016"/>
</testsuite> <!-- testCases.TC01_LaunchApplication -->
