<?xml version="1.0" encoding="UTF-8"?>
<!-- Generated by org.testng.reporters.JUnitReportReporter -->
<testsuite hostname="MacBookPro" failures="0" tests="12" name="testCases.TC02_Login" time="12.307" errors="0" timestamp="2026-01-05T16:30:45 EST" skipped="0">
  <testcase classname="testCases.TC02_Login" name="testLogin" time="1.277"/>
  <testcase classname="testCases.TC02_Login" name="testLogin" time="0.936"/>
  <testcase classname="testCases.TC02_Login" name="testLogin" time="1.015"/>
  <testcase classname="testCases.TC02_Login" name="testLogin" time="0.969"/>
  <testcase classname="testCases.TC02_Login" name="testLogin" time="1.282"/>
  <testcase classname="testCases.TC02_Login" name="testLogin" time="0.987"/>
  <testcase classname="testCases.TC02_Login" name="testLogin" time="0.891"/>
  <testcase classname="testCases.TC02_Login" name="testLogin" time="0.981"/>
  <testcase classname="testCases.TC02_Login" name="testLogin" time="1.016"/>
  <testcase classname="testCases.TC02_Login" name="testLogin" time="1.118"/>
  <testcase classname="testCases.TC02_Login" name="testLogin" time="0.902"/>
  <testcase classname="testCases.TC02_Login" name="testLogin" time="0.933"/>
</testsuite> <!-- testCases.TC02_Login -->
