<?xml version="1.0" encoding="UTF-8"?>
<!-- Generated by org.testng.reporters.JUnitReportReporter -->
<testsuite hostname="MacBookPro" failures="0" tests="2" name="testCases.TC01_LaunchApplication" time="0.010" errors="0" timestamp="2026-01-07T11:21:02 EST" skipped="0">
  <testcase classname="testCases.TC01_LaunchApplication" name="testLaunchApplication" time="0.007"/>
  <testcase classname="testCases.TC01_LaunchApplication" name="testLaunchApplication" time="0.003"/>
</testsuite> <!-- testCases.TC01_LaunchApplication -->
