<?xml version="1.0" encoding="UTF-8"?>
<!-- Generated by org.testng.reporters.JUnitReportReporter -->
<testsuite hostname="MacBookPro" failures="0" tests="12" name="testCases.TC02_Login" time="11.066" errors="0" timestamp="2026-01-07T11:21:02 EST" skipped="0">
  <testcase classname="testCases.TC02_Login" name="testLogin" time="1.055"/>
  <testcase classname="testCases.TC02_Login" name="testLogin" time="0.796"/>
  <testcase classname="testCases.TC02_Login" name="testLogin" time="1.208"/>
  <testcase classname="testCases.TC02_Login" name="testLogin" time="0.838"/>
  <testcase classname="testCases.TC02_Login" name="testLogin" time="0.914"/>
  <testcase classname="testCases.TC02_Login" name="testLogin" time="0.852"/>
  <testcase classname="testCases.TC02_Login" name="testLogin" time="0.859"/>
  <testcase classname="testCases.TC02_Login" name="testLogin" time="0.814"/>
  <testcase classname="testCases.TC02_Login" name="testLogin" time="0.854"/>
  <testcase classname="testCases.TC02_Login" name="testLogin" time="1.152"/>
  <testcase classname="testCases.TC02_Login" name="testLogin" time="0.849"/>
  <testcase classname="testCases.TC02_Login" name="testLogin" time="0.875"/>
</testsuite> <!-- testCases.TC02_Login -->
