<?xml version="1.0" encoding="UTF-8"?>
<!-- Generated by org.testng.reporters.JUnitReportReporter -->
<testsuite hostname="MacBookPro" failures="0" tests="2" name="testCases.TC01_LaunchApplication" time="0.015" errors="0" timestamp="2026-01-07T15:14:17 EST" skipped="0">
  <testcase classname="testCases.TC01_LaunchApplication" name="testLaunchApplication" time="0.010"/>
  <testcase classname="testCases.TC01_LaunchApplication" name="testLaunchApplication" time="0.005"/>
</testsuite> <!-- testCases.TC01_LaunchApplication -->
