<?xml version="1.0" encoding="UTF-8"?>
<!-- Generated by org.testng.reporters.JUnitReportReporter -->
<testsuite hostname="MacBookPro" failures="0" tests="12" name="testCases.TC02_Login" time="10.887" errors="0" timestamp="2026-01-07T15:14:17 EST" skipped="0">
  <testcase classname="testCases.TC02_Login" name="testLogin" time="1.550"/>
  <testcase classname="testCases.TC02_Login" name="testLogin" time="0.808"/>
  <testcase classname="testCases.TC02_Login" name="testLogin" time="0.893"/>
  <testcase classname="testCases.TC02_Login" name="testLogin" time="0.842"/>
  <testcase classname="testCases.TC02_Login" name="testLogin" time="0.847"/>
  <testcase classname="testCases.TC02_Login" name="testLogin" time="0.804"/>
  <testcase classname="testCases.TC02_Login" name="testLogin" time="0.866"/>
  <testcase classname="testCases.TC02_Login" name="testLogin" time="0.831"/>
  <testcase classname="testCases.TC02_Login" name="testLogin" time="0.822"/>
  <testcase classname="testCases.TC02_Login" name="testLogin" time="0.908"/>
  <testcase classname="testCases.TC02_Login" name="testLogin" time="0.799"/>
  <testcase classname="testCases.TC02_Login" name="testLogin" time="0.917"/>
</testsuite> <!-- testCases.TC02_Login -->
